[04-Mar-2024 18:14:02 UTC] missing_token Unable to send request to WooCommerce Shipping & Tax server. WordPress.com token is missing (fetch_service_schemas_from_connect_server)
[04-Mar-2024 18:14:02 UTC] PHP Deprecated:  Function get_woocommerce_term_meta is deprecated since version 3.6! Use get_term_meta instead. in C:\laragon\www\slutprojekt1\wp-includes\functions.php on line 6031
[04-Mar-2024 18:14:02 UTC] PHP Deprecated:  Function get_woocommerce_term_meta is deprecated since version 3.6! Use get_term_meta instead. in C:\laragon\www\slutprojekt1\wp-includes\functions.php on line 6031
[04-Mar-2024 18:14:02 UTC] PHP Deprecated:  Function get_woocommerce_term_meta is deprecated since version 3.6! Use get_term_meta instead. in C:\laragon\www\slutprojekt1\wp-includes\functions.php on line 6031
[04-Mar-2024 18:14:02 UTC] PHP Deprecated:  Function get_woocommerce_term_meta is deprecated since version 3.6! Use get_term_meta instead. in C:\laragon\www\slutprojekt1\wp-includes\functions.php on line 6031
[04-Mar-2024 18:14:02 UTC] PHP Deprecated:  Function get_woocommerce_term_meta is deprecated since version 3.6! Use get_term_meta instead. in C:\laragon\www\slutprojekt1\wp-includes\functions.php on line 6031
[04-Mar-2024 18:14:02 UTC] PHP Deprecated:  Function get_woocommerce_term_meta is deprecated since version 3.6! Use get_term_meta instead. in C:\laragon\www\slutprojekt1\wp-includes\functions.php on line 6031
[04-Mar-2024 18:14:02 UTC] PHP Warning:  Undefined variable $product_id in C:\laragon\www\slutprojekt1\wp-content\themes\mytheme\woocommerce\content-product.php on line 29
[04-Mar-2024 18:14:02 UTC] PHP Warning:  Undefined variable $product_id in C:\laragon\www\slutprojekt1\wp-content\themes\mytheme\woocommerce\content-product.php on line 29
[04-Mar-2024 18:14:02 UTC] PHP Warning:  Undefined variable $product_id in C:\laragon\www\slutprojekt1\wp-content\themes\mytheme\woocommerce\content-product.php on line 29
[04-Mar-2024 18:14:02 UTC] PHP Warning:  Undefined variable $product_id in C:\laragon\www\slutprojekt1\wp-content\themes\mytheme\woocommerce\content-product.php on line 29
[04-Mar-2024 18:14:02 UTC] PHP Warning:  Undefined variable $product_id in C:\laragon\www\slutprojekt1\wp-content\themes\mytheme\woocommerce\content-product.php on line 29
[04-Mar-2024 18:14:02 UTC] PHP Warning:  Undefined variable $product_id in C:\laragon\www\slutprojekt1\wp-content\themes\mytheme\woocommerce\content-product.php on line 29
[04-Mar-2024 18:14:03 UTC] missing_token Unable to send request to WooCommerce Shipping & Tax server. WordPress.com token is missing (fetch_service_schemas_from_connect_server)
[04-Mar-2024 18:14:03 UTC] missing_token Unable to send request to WooCommerce Shipping & Tax server. WordPress.com token is missing (fetch_service_schemas_from_connect_server)
[04-Mar-2024 18:14:03 UTC] missing_token Unable to send request to WooCommerce Shipping & Tax server. WordPress.com token is missing (fetch_service_schemas_from_connect_server)
[04-Mar-2024 18:14:33 UTC] missing_token Unable to send request to WooCommerce Shipping & Tax server. WordPress.com token is missing (fetch_service_schemas_from_connect_server)
[04-Mar-2024 18:14:59 UTC] missing_token Unable to send request to WooCommerce Shipping & Tax server. WordPress.com token is missing (fetch_service_schemas_from_connect_server)
[04-Mar-2024 18:16:51 UTC] missing_token Unable to send request to WooCommerce Shipping & Tax server. WordPress.com token is missing (fetch_service_schemas_from_connect_server)
[04-Mar-2024 18:16:52 UTC] missing_token Unable to send request to WooCommerce Shipping & Tax server. WordPress.com token is missing (fetch_service_schemas_from_connect_server)
[04-Mar-2024 18:16:52 UTC] PHP Deprecated:  Constant FILTER_SANITIZE_STRING is deprecated in C:\laragon\www\slutprojekt1\wp-content\plugins\filter-everything\src\Settings\Container.php on line 163
[04-Mar-2024 18:16:52 UTC] PHP Deprecated:  Function get_woocommerce_term_meta is deprecated since version 3.6! Use get_term_meta instead. in C:\laragon\www\slutprojekt1\wp-includes\functions.php on line 6031
[04-Mar-2024 18:16:52 UTC] PHP Deprecated:  Function get_woocommerce_term_meta is deprecated since version 3.6! Use get_term_meta instead. in C:\laragon\www\slutprojekt1\wp-includes\functions.php on line 6031
[04-Mar-2024 18:16:52 UTC] PHP Deprecated:  Function get_woocommerce_term_meta is deprecated since version 3.6! Use get_term_meta instead. in C:\laragon\www\slutprojekt1\wp-includes\functions.php on line 6031
[04-Mar-2024 18:16:52 UTC] PHP Deprecated:  Function get_woocommerce_term_meta is deprecated since version 3.6! Use get_term_meta instead. in C:\laragon\www\slutprojekt1\wp-includes\functions.php on line 6031
[04-Mar-2024 18:16:52 UTC] PHP Deprecated:  Function get_woocommerce_term_meta is deprecated since version 3.6! Use get_term_meta instead. in C:\laragon\www\slutprojekt1\wp-includes\functions.php on line 6031
[04-Mar-2024 18:16:52 UTC] PHP Deprecated:  Function get_woocommerce_term_meta is deprecated since version 3.6! Use get_term_meta instead. in C:\laragon\www\slutprojekt1\wp-includes\functions.php on line 6031
[04-Mar-2024 18:16:52 UTC] PHP Warning:  Undefined variable $product_id in C:\laragon\www\slutprojekt1\wp-content\themes\mytheme\woocommerce\content-product.php on line 29
[04-Mar-2024 18:16:52 UTC] PHP Warning:  Undefined variable $product_id in C:\laragon\www\slutprojekt1\wp-content\themes\mytheme\woocommerce\content-product.php on line 29
[04-Mar-2024 18:16:52 UTC] PHP Warning:  Undefined variable $product_id in C:\laragon\www\slutprojekt1\wp-content\themes\mytheme\woocommerce\content-product.php on line 29
[04-Mar-2024 18:16:52 UTC] PHP Warning:  Undefined variable $product_id in C:\laragon\www\slutprojekt1\wp-content\themes\mytheme\woocommerce\content-product.php on line 29
[04-Mar-2024 18:16:52 UTC] PHP Warning:  Undefined variable $product_id in C:\laragon\www\slutprojekt1\wp-content\themes\mytheme\woocommerce\content-product.php on line 29
[04-Mar-2024 18:16:52 UTC] PHP Warning:  Undefined variable $product_id in C:\laragon\www\slutprojekt1\wp-content\themes\mytheme\woocommerce\content-product.php on line 29
[04-Mar-2024 18:16:53 UTC] missing_token Unable to send request to WooCommerce Shipping & Tax server. WordPress.com token is missing (fetch_service_schemas_from_connect_server)
[04-Mar-2024 18:16:53 UTC] missing_token Unable to send request to WooCommerce Shipping & Tax server. WordPress.com token is missing (fetch_service_schemas_from_connect_server)
[04-Mar-2024 18:16:53 UTC] missing_token Unable to send request to WooCommerce Shipping & Tax server. WordPress.com token is missing (fetch_service_schemas_from_connect_server)
[04-Mar-2024 18:17:35 UTC] missing_token Unable to send request to WooCommerce Shipping & Tax server. WordPress.com token is missing (fetch_service_schemas_from_connect_server)
[04-Mar-2024 18:17:35 UTC] PHP Deprecated:  Function get_woocommerce_term_meta is deprecated since version 3.6! Use get_term_meta instead. in C:\laragon\www\slutprojekt1\wp-includes\functions.php on line 6031
[04-Mar-2024 18:17:35 UTC] PHP Deprecated:  Function get_woocommerce_term_meta is deprecated since version 3.6! Use get_term_meta instead. in C:\laragon\www\slutprojekt1\wp-includes\functions.php on line 6031
[04-Mar-2024 18:17:35 UTC] PHP Deprecated:  Function get_woocommerce_term_meta is deprecated since version 3.6! Use get_term_meta instead. in C:\laragon\www\slutprojekt1\wp-includes\functions.php on line 6031
[04-Mar-2024 18:17:35 UTC] PHP Deprecated:  Function get_woocommerce_term_meta is deprecated since version 3.6! Use get_term_meta instead. in C:\laragon\www\slutprojekt1\wp-includes\functions.php on line 6031
[04-Mar-2024 18:17:35 UTC] PHP Deprecated:  Function get_woocommerce_term_meta is deprecated since version 3.6! Use get_term_meta instead. in C:\laragon\www\slutprojekt1\wp-includes\functions.php on line 6031
[04-Mar-2024 18:17:35 UTC] PHP Deprecated:  Function get_woocommerce_term_meta is deprecated since version 3.6! Use get_term_meta instead. in C:\laragon\www\slutprojekt1\wp-includes\functions.php on line 6031
[04-Mar-2024 18:17:35 UTC] PHP Warning:  Undefined variable $product_id in C:\laragon\www\slutprojekt1\wp-content\themes\mytheme\woocommerce\content-product.php on line 29
[04-Mar-2024 18:17:35 UTC] PHP Warning:  Undefined variable $product_id in C:\laragon\www\slutprojekt1\wp-content\themes\mytheme\woocommerce\content-product.php on line 29
[04-Mar-2024 18:17:35 UTC] PHP Warning:  Undefined variable $product_id in C:\laragon\www\slutprojekt1\wp-content\themes\mytheme\woocommerce\content-product.php on line 29
[04-Mar-2024 18:17:35 UTC] PHP Warning:  Undefined variable $product_id in C:\laragon\www\slutprojekt1\wp-content\themes\mytheme\woocommerce\content-product.php on line 29
[04-Mar-2024 18:17:35 UTC] PHP Warning:  Undefined variable $product_id in C:\laragon\www\slutprojekt1\wp-content\themes\mytheme\woocommerce\content-product.php on line 29
[04-Mar-2024 18:17:35 UTC] PHP Warning:  Undefined variable $product_id in C:\laragon\www\slutprojekt1\wp-content\themes\mytheme\woocommerce\content-product.php on line 29
[04-Mar-2024 18:17:36 UTC] missing_token Unable to send request to WooCommerce Shipping & Tax server. WordPress.com token is missing (fetch_service_schemas_from_connect_server)
[04-Mar-2024 18:17:36 UTC] missing_token Unable to send request to WooCommerce Shipping & Tax server. WordPress.com token is missing (fetch_service_schemas_from_connect_server)
[04-Mar-2024 18:17:36 UTC] missing_token Unable to send request to WooCommerce Shipping & Tax server. WordPress.com token is missing (fetch_service_schemas_from_connect_server)
[04-Mar-2024 18:18:00 UTC] missing_token Unable to send request to WooCommerce Shipping & Tax server. WordPress.com token is missing (fetch_service_schemas_from_connect_server)
[04-Mar-2024 18:18:01 UTC] missing_token Unable to send request to WooCommerce Shipping & Tax server. WordPress.com token is missing (fetch_service_schemas_from_connect_server)
[04-Mar-2024 18:18:01 UTC] PHP Deprecated:  Constant FILTER_SANITIZE_STRING is deprecated in C:\laragon\www\slutprojekt1\wp-content\plugins\filter-everything\src\Settings\Container.php on line 163
[04-Mar-2024 18:18:03 UTC] missing_token Unable to send request to WooCommerce Shipping & Tax server. WordPress.com token is missing (fetch_service_schemas_from_connect_server)
[04-Mar-2024 18:18:03 UTC] PHP Deprecated:  Function get_woocommerce_term_meta is deprecated since version 3.6! Use get_term_meta instead. in C:\laragon\www\slutprojekt1\wp-includes\functions.php on line 6031
[04-Mar-2024 18:18:03 UTC] PHP Deprecated:  Function get_woocommerce_term_meta is deprecated since version 3.6! Use get_term_meta instead. in C:\laragon\www\slutprojekt1\wp-includes\functions.php on line 6031
[04-Mar-2024 18:18:03 UTC] PHP Deprecated:  Function get_woocommerce_term_meta is deprecated since version 3.6! Use get_term_meta instead. in C:\laragon\www\slutprojekt1\wp-includes\functions.php on line 6031
[04-Mar-2024 18:18:03 UTC] PHP Deprecated:  Function get_woocommerce_term_meta is deprecated since version 3.6! Use get_term_meta instead. in C:\laragon\www\slutprojekt1\wp-includes\functions.php on line 6031
[04-Mar-2024 18:18:03 UTC] PHP Deprecated:  Function get_woocommerce_term_meta is deprecated since version 3.6! Use get_term_meta instead. in C:\laragon\www\slutprojekt1\wp-includes\functions.php on line 6031
[04-Mar-2024 18:18:03 UTC] PHP Deprecated:  Function get_woocommerce_term_meta is deprecated since version 3.6! Use get_term_meta instead. in C:\laragon\www\slutprojekt1\wp-includes\functions.php on line 6031
[04-Mar-2024 18:18:03 UTC] PHP Warning:  Undefined variable $product_id in C:\laragon\www\slutprojekt1\wp-content\themes\mytheme\woocommerce\content-product.php on line 29
[04-Mar-2024 18:18:04 UTC] PHP Warning:  Undefined variable $product_id in C:\laragon\www\slutprojekt1\wp-content\themes\mytheme\woocommerce\content-product.php on line 29
[04-Mar-2024 18:18:04 UTC] PHP Warning:  Undefined variable $product_id in C:\laragon\www\slutprojekt1\wp-content\themes\mytheme\woocommerce\content-product.php on line 29
[04-Mar-2024 18:18:04 UTC] PHP Warning:  Undefined variable $product_id in C:\laragon\www\slutprojekt1\wp-content\themes\mytheme\woocommerce\content-product.php on line 29
[04-Mar-2024 18:18:04 UTC] PHP Warning:  Undefined variable $product_id in C:\laragon\www\slutprojekt1\wp-content\themes\mytheme\woocommerce\content-product.php on line 29
[04-Mar-2024 18:18:04 UTC] PHP Warning:  Undefined variable $product_id in C:\laragon\www\slutprojekt1\wp-content\themes\mytheme\woocommerce\content-product.php on line 29
[04-Mar-2024 18:18:04 UTC] missing_token Unable to send request to WooCommerce Shipping & Tax server. WordPress.com token is missing (fetch_service_schemas_from_connect_server)
[04-Mar-2024 18:18:04 UTC] missing_token Unable to send request to WooCommerce Shipping & Tax server. WordPress.com token is missing (fetch_service_schemas_from_connect_server)
[04-Mar-2024 18:18:05 UTC] missing_token Unable to send request to WooCommerce Shipping & Tax server. WordPress.com token is missing (fetch_service_schemas_from_connect_server)
[04-Mar-2024 18:18:35 UTC] missing_token Unable to send request to WooCommerce Shipping & Tax server. WordPress.com token is missing (fetch_service_schemas_from_connect_server)
[04-Mar-2024 18:18:53 UTC] missing_token Unable to send request to WooCommerce Shipping & Tax server. WordPress.com token is missing (fetch_service_schemas_from_connect_server)
[04-Mar-2024 18:18:54 UTC] missing_token Unable to send request to WooCommerce Shipping & Tax server. WordPress.com token is missing (fetch_service_schemas_from_connect_server)
[04-Mar-2024 18:18:54 UTC] PHP Deprecated:  Constant FILTER_SANITIZE_STRING is deprecated in C:\laragon\www\slutprojekt1\wp-content\plugins\filter-everything\src\Settings\Container.php on line 163
[04-Mar-2024 18:18:55 UTC] PHP Deprecated:  Function get_woocommerce_term_meta is deprecated since version 3.6! Use get_term_meta instead. in C:\laragon\www\slutprojekt1\wp-includes\functions.php on line 6031
[04-Mar-2024 18:18:55 UTC] PHP Deprecated:  Function get_woocommerce_term_meta is deprecated since version 3.6! Use get_term_meta instead. in C:\laragon\www\slutprojekt1\wp-includes\functions.php on line 6031
[04-Mar-2024 18:18:55 UTC] PHP Deprecated:  Function get_woocommerce_term_meta is deprecated since version 3.6! Use get_term_meta instead. in C:\laragon\www\slutprojekt1\wp-includes\functions.php on line 6031
[04-Mar-2024 18:18:55 UTC] PHP Deprecated:  Function get_woocommerce_term_meta is deprecated since version 3.6! Use get_term_meta instead. in C:\laragon\www\slutprojekt1\wp-includes\functions.php on line 6031
[04-Mar-2024 18:18:55 UTC] PHP Deprecated:  Function get_woocommerce_term_meta is deprecated since version 3.6! Use get_term_meta instead. in C:\laragon\www\slutprojekt1\wp-includes\functions.php on line 6031
[04-Mar-2024 18:18:55 UTC] PHP Deprecated:  Function get_woocommerce_term_meta is deprecated since version 3.6! Use get_term_meta instead. in C:\laragon\www\slutprojekt1\wp-includes\functions.php on line 6031
[04-Mar-2024 18:18:55 UTC] PHP Warning:  Undefined variable $product_id in C:\laragon\www\slutprojekt1\wp-content\themes\mytheme\woocommerce\content-product.php on line 29
[04-Mar-2024 18:18:55 UTC] PHP Warning:  Undefined variable $product_id in C:\laragon\www\slutprojekt1\wp-content\themes\mytheme\woocommerce\content-product.php on line 29
[04-Mar-2024 18:18:55 UTC] PHP Warning:  Undefined variable $product_id in C:\laragon\www\slutprojekt1\wp-content\themes\mytheme\woocommerce\content-product.php on line 29
[04-Mar-2024 18:18:55 UTC] PHP Warning:  Undefined variable $product_id in C:\laragon\www\slutprojekt1\wp-content\themes\mytheme\woocommerce\content-product.php on line 29
[04-Mar-2024 18:18:55 UTC] PHP Warning:  Undefined variable $product_id in C:\laragon\www\slutprojekt1\wp-content\themes\mytheme\woocommerce\content-product.php on line 29
[04-Mar-2024 18:18:55 UTC] PHP Warning:  Undefined variable $product_id in C:\laragon\www\slutprojekt1\wp-content\themes\mytheme\woocommerce\content-product.php on line 29
[04-Mar-2024 18:18:56 UTC] missing_token Unable to send request to WooCommerce Shipping & Tax server. WordPress.com token is missing (fetch_service_schemas_from_connect_server)
[04-Mar-2024 18:18:56 UTC] missing_token Unable to send request to WooCommerce Shipping & Tax server. WordPress.com token is missing (fetch_service_schemas_from_connect_server)
[04-Mar-2024 18:18:56 UTC] missing_token Unable to send request to WooCommerce Shipping & Tax server. WordPress.com token is missing (fetch_service_schemas_from_connect_server)
[04-Mar-2024 18:20:02 UTC] missing_token Unable to send request to WooCommerce Shipping & Tax server. WordPress.com token is missing (fetch_service_schemas_from_connect_server)
[04-Mar-2024 18:20:02 UTC] missing_token Unable to send request to WooCommerce Shipping & Tax server. WordPress.com token is missing (fetch_service_schemas_from_connect_server)
[04-Mar-2024 18:20:02 UTC] PHP Deprecated:  Constant FILTER_SANITIZE_STRING is deprecated in C:\laragon\www\slutprojekt1\wp-content\plugins\filter-everything\src\Settings\Container.php on line 163
[04-Mar-2024 18:20:35 UTC] missing_token Unable to send request to WooCommerce Shipping & Tax server. WordPress.com token is missing (fetch_service_schemas_from_connect_server)
[04-Mar-2024 18:21:05 UTC] missing_token Unable to send request to WooCommerce Shipping & Tax server. WordPress.com token is missing (fetch_service_schemas_from_connect_server)
[04-Mar-2024 18:21:06 UTC] missing_token Unable to send request to WooCommerce Shipping & Tax server. WordPress.com token is missing (fetch_service_schemas_from_connect_server)
[04-Mar-2024 18:21:06 UTC] missing_token Unable to send request to WooCommerce Shipping & Tax server. WordPress.com token is missing (fetch_service_schemas_from_connect_server)
[04-Mar-2024 18:21:06 UTC] PHP Deprecated:  Function get_woocommerce_term_meta is deprecated since version 3.6! Use get_term_meta instead. in C:\laragon\www\slutprojekt1\wp-includes\functions.php on line 6031
[04-Mar-2024 18:21:06 UTC] PHP Deprecated:  Function get_woocommerce_term_meta is deprecated since version 3.6! Use get_term_meta instead. in C:\laragon\www\slutprojekt1\wp-includes\functions.php on line 6031
[04-Mar-2024 18:21:06 UTC] PHP Deprecated:  Function get_woocommerce_term_meta is deprecated since version 3.6! Use get_term_meta instead. in C:\laragon\www\slutprojekt1\wp-includes\functions.php on line 6031
[04-Mar-2024 18:21:06 UTC] PHP Deprecated:  Function get_woocommerce_term_meta is deprecated since version 3.6! Use get_term_meta instead. in C:\laragon\www\slutprojekt1\wp-includes\functions.php on line 6031
[04-Mar-2024 18:21:06 UTC] PHP Deprecated:  Function get_woocommerce_term_meta is deprecated since version 3.6! Use get_term_meta instead. in C:\laragon\www\slutprojekt1\wp-includes\functions.php on line 6031
[04-Mar-2024 18:21:06 UTC] PHP Deprecated:  Function get_woocommerce_term_meta is deprecated since version 3.6! Use get_term_meta instead. in C:\laragon\www\slutprojekt1\wp-includes\functions.php on line 6031
[04-Mar-2024 18:21:06 UTC] missing_token Unable to send request to WooCommerce Shipping & Tax server. WordPress.com token is missing (fetch_service_schemas_from_connect_server)
[04-Mar-2024 18:21:07 UTC] PHP Deprecated:  Constant FILTER_SANITIZE_STRING is deprecated in C:\laragon\www\slutprojekt1\wp-content\plugins\filter-everything\src\Settings\Container.php on line 163
[04-Mar-2024 18:21:07 UTC] PHP Warning:  Undefined variable $product_id in C:\laragon\www\slutprojekt1\wp-content\themes\mytheme\woocommerce\content-product.php on line 29
[04-Mar-2024 18:21:07 UTC] PHP Warning:  Undefined variable $product_id in C:\laragon\www\slutprojekt1\wp-content\themes\mytheme\woocommerce\content-product.php on line 29
[04-Mar-2024 18:21:07 UTC] PHP Warning:  Undefined variable $product_id in C:\laragon\www\slutprojekt1\wp-content\themes\mytheme\woocommerce\content-product.php on line 29
[04-Mar-2024 18:21:07 UTC] PHP Warning:  Undefined variable $product_id in C:\laragon\www\slutprojekt1\wp-content\themes\mytheme\woocommerce\content-product.php on line 29
[04-Mar-2024 18:21:07 UTC] PHP Deprecated:  File Theme without sidebar.php is deprecated since version 3.0.0 with no alternative available. Please include a sidebar.php template in your theme. in C:\laragon\www\slutprojekt1\wp-includes\functions.php on line 6031
[04-Mar-2024 18:21:08 UTC] missing_token Unable to send request to WooCommerce Shipping & Tax server. WordPress.com token is missing (fetch_service_schemas_from_connect_server)
[04-Mar-2024 18:21:08 UTC] missing_token Unable to send request to WooCommerce Shipping & Tax server. WordPress.com token is missing (fetch_service_schemas_from_connect_server)
[04-Mar-2024 18:21:13 UTC] missing_token Unable to send request to WooCommerce Shipping & Tax server. WordPress.com token is missing (fetch_service_schemas_from_connect_server)
[04-Mar-2024 18:21:13 UTC] PHP Deprecated:  Function get_woocommerce_term_meta is deprecated since version 3.6! Use get_term_meta instead. in C:\laragon\www\slutprojekt1\wp-includes\functions.php on line 6031
[04-Mar-2024 18:21:13 UTC] PHP Deprecated:  Function get_woocommerce_term_meta is deprecated since version 3.6! Use get_term_meta instead. in C:\laragon\www\slutprojekt1\wp-includes\functions.php on line 6031
[04-Mar-2024 18:21:13 UTC] PHP Deprecated:  Function get_woocommerce_term_meta is deprecated since version 3.6! Use get_term_meta instead. in C:\laragon\www\slutprojekt1\wp-includes\functions.php on line 6031
[04-Mar-2024 18:21:13 UTC] PHP Deprecated:  Function get_woocommerce_term_meta is deprecated since version 3.6! Use get_term_meta instead. in C:\laragon\www\slutprojekt1\wp-includes\functions.php on line 6031
[04-Mar-2024 18:21:13 UTC] PHP Deprecated:  Function get_woocommerce_term_meta is deprecated since version 3.6! Use get_term_meta instead. in C:\laragon\www\slutprojekt1\wp-includes\functions.php on line 6031
[04-Mar-2024 18:21:13 UTC] PHP Deprecated:  Function get_woocommerce_term_meta is deprecated since version 3.6! Use get_term_meta instead. in C:\laragon\www\slutprojekt1\wp-includes\functions.php on line 6031
[04-Mar-2024 18:21:13 UTC] PHP Warning:  Undefined variable $product_id in C:\laragon\www\slutprojekt1\wp-content\themes\mytheme\woocommerce\content-product.php on line 29
[04-Mar-2024 18:21:13 UTC] PHP Warning:  Undefined variable $product_id in C:\laragon\www\slutprojekt1\wp-content\themes\mytheme\woocommerce\content-product.php on line 29
[04-Mar-2024 18:21:13 UTC] PHP Warning:  Undefined variable $product_id in C:\laragon\www\slutprojekt1\wp-content\themes\mytheme\woocommerce\content-product.php on line 29
[04-Mar-2024 18:21:13 UTC] PHP Warning:  Undefined variable $product_id in C:\laragon\www\slutprojekt1\wp-content\themes\mytheme\woocommerce\content-product.php on line 29
[04-Mar-2024 18:21:13 UTC] PHP Warning:  Undefined variable $product_id in C:\laragon\www\slutprojekt1\wp-content\themes\mytheme\woocommerce\content-product.php on line 29
[04-Mar-2024 18:21:13 UTC] PHP Warning:  Undefined variable $product_id in C:\laragon\www\slutprojekt1\wp-content\themes\mytheme\woocommerce\content-product.php on line 29
[04-Mar-2024 18:21:14 UTC] missing_token Unable to send request to WooCommerce Shipping & Tax server. WordPress.com token is missing (fetch_service_schemas_from_connect_server)
[04-Mar-2024 18:21:14 UTC] missing_token Unable to send request to WooCommerce Shipping & Tax server. WordPress.com token is missing (fetch_service_schemas_from_connect_server)
[04-Mar-2024 18:22:02 UTC] missing_token Unable to send request to WooCommerce Shipping & Tax server. WordPress.com token is missing (fetch_service_schemas_from_connect_server)
[04-Mar-2024 18:22:03 UTC] missing_token Unable to send request to WooCommerce Shipping & Tax server. WordPress.com token is missing (fetch_service_schemas_from_connect_server)
[04-Mar-2024 18:22:03 UTC] PHP Deprecated:  Constant FILTER_SANITIZE_STRING is deprecated in C:\laragon\www\slutprojekt1\wp-content\plugins\filter-everything\src\Settings\Container.php on line 163
[04-Mar-2024 18:22:18 UTC] missing_token Unable to send request to WooCommerce Shipping & Tax server. WordPress.com token is missing (fetch_service_schemas_from_connect_server)
[04-Mar-2024 18:22:19 UTC] PHP Deprecated:  Function get_woocommerce_term_meta is deprecated since version 3.6! Use get_term_meta instead. in C:\laragon\www\slutprojekt1\wp-includes\functions.php on line 6031
[04-Mar-2024 18:22:19 UTC] PHP Deprecated:  Function get_woocommerce_term_meta is deprecated since version 3.6! Use get_term_meta instead. in C:\laragon\www\slutprojekt1\wp-includes\functions.php on line 6031
[04-Mar-2024 18:22:19 UTC] PHP Deprecated:  Function get_woocommerce_term_meta is deprecated since version 3.6! Use get_term_meta instead. in C:\laragon\www\slutprojekt1\wp-includes\functions.php on line 6031
[04-Mar-2024 18:22:19 UTC] PHP Deprecated:  Function get_woocommerce_term_meta is deprecated since version 3.6! Use get_term_meta instead. in C:\laragon\www\slutprojekt1\wp-includes\functions.php on line 6031
[04-Mar-2024 18:22:19 UTC] PHP Deprecated:  Function get_woocommerce_term_meta is deprecated since version 3.6! Use get_term_meta instead. in C:\laragon\www\slutprojekt1\wp-includes\functions.php on line 6031
[04-Mar-2024 18:22:19 UTC] PHP Deprecated:  Function get_woocommerce_term_meta is deprecated since version 3.6! Use get_term_meta instead. in C:\laragon\www\slutprojekt1\wp-includes\functions.php on line 6031
[04-Mar-2024 18:22:19 UTC] PHP Warning:  Undefined variable $product_id in C:\laragon\www\slutprojekt1\wp-content\themes\mytheme\woocommerce\content-product.php on line 29
[04-Mar-2024 18:22:19 UTC] PHP Warning:  Undefined variable $product_id in C:\laragon\www\slutprojekt1\wp-content\themes\mytheme\woocommerce\content-product.php on line 29
[04-Mar-2024 18:22:19 UTC] PHP Warning:  Undefined variable $product_id in C:\laragon\www\slutprojekt1\wp-content\themes\mytheme\woocommerce\content-product.php on line 29
[04-Mar-2024 18:22:19 UTC] PHP Warning:  Undefined variable $product_id in C:\laragon\www\slutprojekt1\wp-content\themes\mytheme\woocommerce\content-product.php on line 29
[04-Mar-2024 18:22:19 UTC] PHP Warning:  Undefined variable $product_id in C:\laragon\www\slutprojekt1\wp-content\themes\mytheme\woocommerce\content-product.php on line 29
[04-Mar-2024 18:22:19 UTC] PHP Warning:  Undefined variable $product_id in C:\laragon\www\slutprojekt1\wp-content\themes\mytheme\woocommerce\content-product.php on line 29
[04-Mar-2024 18:22:20 UTC] missing_token Unable to send request to WooCommerce Shipping & Tax server. WordPress.com token is missing (fetch_service_schemas_from_connect_server)
[04-Mar-2024 18:22:20 UTC] missing_token Unable to send request to WooCommerce Shipping & Tax server. WordPress.com token is missing (fetch_service_schemas_from_connect_server)
[04-Mar-2024 18:22:20 UTC] missing_token Unable to send request to WooCommerce Shipping & Tax server. WordPress.com token is missing (fetch_service_schemas_from_connect_server)
[04-Mar-2024 18:22:36 UTC] missing_token Unable to send request to WooCommerce Shipping & Tax server. WordPress.com token is missing (fetch_service_schemas_from_connect_server)
[04-Mar-2024 18:24:04 UTC] missing_token Unable to send request to WooCommerce Shipping & Tax server. WordPress.com token is missing (fetch_service_schemas_from_connect_server)
[04-Mar-2024 18:24:04 UTC] missing_token Unable to send request to WooCommerce Shipping & Tax server. WordPress.com token is missing (fetch_service_schemas_from_connect_server)
[04-Mar-2024 18:24:04 UTC] PHP Deprecated:  Constant FILTER_SANITIZE_STRING is deprecated in C:\laragon\www\slutprojekt1\wp-content\plugins\filter-everything\src\Settings\Container.php on line 163
[04-Mar-2024 18:24:38 UTC] missing_token Unable to send request to WooCommerce Shipping & Tax server. WordPress.com token is missing (fetch_service_schemas_from_connect_server)
[04-Mar-2024 18:26:05 UTC] missing_token Unable to send request to WooCommerce Shipping & Tax server. WordPress.com token is missing (fetch_service_schemas_from_connect_server)
[04-Mar-2024 18:26:05 UTC] missing_token Unable to send request to WooCommerce Shipping & Tax server. WordPress.com token is missing (fetch_service_schemas_from_connect_server)
[04-Mar-2024 18:26:05 UTC] PHP Deprecated:  Constant FILTER_SANITIZE_STRING is deprecated in C:\laragon\www\slutprojekt1\wp-content\plugins\filter-everything\src\Settings\Container.php on line 163
[04-Mar-2024 18:26:39 UTC] missing_token Unable to send request to WooCommerce Shipping & Tax server. WordPress.com token is missing (fetch_service_schemas_from_connect_server)
[04-Mar-2024 18:28:05 UTC] missing_token Unable to send request to WooCommerce Shipping & Tax server. WordPress.com token is missing (fetch_service_schemas_from_connect_server)
[04-Mar-2024 18:28:07 UTC] missing_token Unable to send request to WooCommerce Shipping & Tax server. WordPress.com token is missing (fetch_service_schemas_from_connect_server)
[04-Mar-2024 18:28:07 UTC] PHP Deprecated:  Constant FILTER_SANITIZE_STRING is deprecated in C:\laragon\www\slutprojekt1\wp-content\plugins\filter-everything\src\Settings\Container.php on line 163
[04-Mar-2024 18:28:40 UTC] missing_token Unable to send request to WooCommerce Shipping & Tax server. WordPress.com token is missing (fetch_service_schemas_from_connect_server)
[04-Mar-2024 18:30:06 UTC] missing_token Unable to send request to WooCommerce Shipping & Tax server. WordPress.com token is missing (fetch_service_schemas_from_connect_server)
[04-Mar-2024 18:30:07 UTC] missing_token Unable to send request to WooCommerce Shipping & Tax server. WordPress.com token is missing (fetch_service_schemas_from_connect_server)
[04-Mar-2024 18:30:07 UTC] PHP Deprecated:  Constant FILTER_SANITIZE_STRING is deprecated in C:\laragon\www\slutprojekt1\wp-content\plugins\filter-everything\src\Settings\Container.php on line 163
[04-Mar-2024 18:30:41 UTC] missing_token Unable to send request to WooCommerce Shipping & Tax server. WordPress.com token is missing (fetch_service_schemas_from_connect_server)
[04-Mar-2024 18:32:08 UTC] missing_token Unable to send request to WooCommerce Shipping & Tax server. WordPress.com token is missing (fetch_service_schemas_from_connect_server)
[04-Mar-2024 18:32:08 UTC] missing_token Unable to send request to WooCommerce Shipping & Tax server. WordPress.com token is missing (fetch_service_schemas_from_connect_server)
[04-Mar-2024 18:32:08 UTC] PHP Deprecated:  Constant FILTER_SANITIZE_STRING is deprecated in C:\laragon\www\slutprojekt1\wp-content\plugins\filter-everything\src\Settings\Container.php on line 163
[04-Mar-2024 18:32:42 UTC] missing_token Unable to send request to WooCommerce Shipping & Tax server. WordPress.com token is missing (fetch_service_schemas_from_connect_server)
[04-Mar-2024 18:34:09 UTC] missing_token Unable to send request to WooCommerce Shipping & Tax server. WordPress.com token is missing (fetch_service_schemas_from_connect_server)
[04-Mar-2024 18:34:09 UTC] missing_token Unable to send request to WooCommerce Shipping & Tax server. WordPress.com token is missing (fetch_service_schemas_from_connect_server)
[04-Mar-2024 18:34:09 UTC] PHP Deprecated:  Constant FILTER_SANITIZE_STRING is deprecated in C:\laragon\www\slutprojekt1\wp-content\plugins\filter-everything\src\Settings\Container.php on line 163
[04-Mar-2024 18:34:43 UTC] missing_token Unable to send request to WooCommerce Shipping & Tax server. WordPress.com token is missing (fetch_service_schemas_from_connect_server)
[04-Mar-2024 18:36:10 UTC] missing_token Unable to send request to WooCommerce Shipping & Tax server. WordPress.com token is missing (fetch_service_schemas_from_connect_server)
[04-Mar-2024 18:36:10 UTC] missing_token Unable to send request to WooCommerce Shipping & Tax server. WordPress.com token is missing (fetch_service_schemas_from_connect_server)
[04-Mar-2024 18:36:11 UTC] PHP Deprecated:  Constant FILTER_SANITIZE_STRING is deprecated in C:\laragon\www\slutprojekt1\wp-content\plugins\filter-everything\src\Settings\Container.php on line 163
[04-Mar-2024 18:36:44 UTC] missing_token Unable to send request to WooCommerce Shipping & Tax server. WordPress.com token is missing (fetch_service_schemas_from_connect_server)
[04-Mar-2024 18:36:45 UTC] missing_token Unable to send request to WooCommerce Shipping & Tax server. WordPress.com token is missing (fetch_service_schemas_from_connect_server)
[04-Mar-2024 18:36:45 UTC] PHP Deprecated:  Constant FILTER_SANITIZE_STRING is deprecated in C:\laragon\www\slutprojekt1\wp-content\plugins\filter-everything\src\Settings\Container.php on line 163
[04-Mar-2024 18:38:11 UTC] missing_token Unable to send request to WooCommerce Shipping & Tax server. WordPress.com token is missing (fetch_service_schemas_from_connect_server)
[04-Mar-2024 18:38:11 UTC] missing_token Unable to send request to WooCommerce Shipping & Tax server. WordPress.com token is missing (fetch_service_schemas_from_connect_server)
[04-Mar-2024 18:38:11 UTC] PHP Deprecated:  Constant FILTER_SANITIZE_STRING is deprecated in C:\laragon\www\slutprojekt1\wp-content\plugins\filter-everything\src\Settings\Container.php on line 163
[04-Mar-2024 18:38:45 UTC] missing_token Unable to send request to WooCommerce Shipping & Tax server. WordPress.com token is missing (fetch_service_schemas_from_connect_server)
[04-Mar-2024 18:38:45 UTC] missing_token Unable to send request to WooCommerce Shipping & Tax server. WordPress.com token is missing (fetch_service_schemas_from_connect_server)
[04-Mar-2024 18:38:45 UTC] PHP Deprecated:  Constant FILTER_SANITIZE_STRING is deprecated in C:\laragon\www\slutprojekt1\wp-content\plugins\filter-everything\src\Settings\Container.php on line 163
[04-Mar-2024 18:40:12 UTC] missing_token Unable to send request to WooCommerce Shipping & Tax server. WordPress.com token is missing (fetch_service_schemas_from_connect_server)
[04-Mar-2024 18:40:12 UTC] missing_token Unable to send request to WooCommerce Shipping & Tax server. WordPress.com token is missing (fetch_service_schemas_from_connect_server)
[04-Mar-2024 18:40:12 UTC] PHP Deprecated:  Constant FILTER_SANITIZE_STRING is deprecated in C:\laragon\www\slutprojekt1\wp-content\plugins\filter-everything\src\Settings\Container.php on line 163
[04-Mar-2024 18:40:46 UTC] missing_token Unable to send request to WooCommerce Shipping & Tax server. WordPress.com token is missing (fetch_service_schemas_from_connect_server)
[04-Mar-2024 18:40:47 UTC] missing_token Unable to send request to WooCommerce Shipping & Tax server. WordPress.com token is missing (fetch_service_schemas_from_connect_server)
[04-Mar-2024 18:40:47 UTC] PHP Deprecated:  Constant FILTER_SANITIZE_STRING is deprecated in C:\laragon\www\slutprojekt1\wp-content\plugins\filter-everything\src\Settings\Container.php on line 163
[04-Mar-2024 18:42:12 UTC] missing_token Unable to send request to WooCommerce Shipping & Tax server. WordPress.com token is missing (fetch_service_schemas_from_connect_server)
[04-Mar-2024 18:42:12 UTC] missing_token Unable to send request to WooCommerce Shipping & Tax server. WordPress.com token is missing (fetch_service_schemas_from_connect_server)
[04-Mar-2024 18:42:12 UTC] PHP Deprecated:  Constant FILTER_SANITIZE_STRING is deprecated in C:\laragon\www\slutprojekt1\wp-content\plugins\filter-everything\src\Settings\Container.php on line 163
[04-Mar-2024 18:42:47 UTC] missing_token Unable to send request to WooCommerce Shipping & Tax server. WordPress.com token is missing (fetch_service_schemas_from_connect_server)
[04-Mar-2024 18:42:48 UTC] missing_token Unable to send request to WooCommerce Shipping & Tax server. WordPress.com token is missing (fetch_service_schemas_from_connect_server)
[04-Mar-2024 18:42:48 UTC] PHP Deprecated:  Constant FILTER_SANITIZE_STRING is deprecated in C:\laragon\www\slutprojekt1\wp-content\plugins\filter-everything\src\Settings\Container.php on line 163
[04-Mar-2024 18:44:13 UTC] missing_token Unable to send request to WooCommerce Shipping & Tax server. WordPress.com token is missing (fetch_service_schemas_from_connect_server)
[04-Mar-2024 18:44:13 UTC] missing_token Unable to send request to WooCommerce Shipping & Tax server. WordPress.com token is missing (fetch_service_schemas_from_connect_server)
[04-Mar-2024 18:44:13 UTC] PHP Deprecated:  Constant FILTER_SANITIZE_STRING is deprecated in C:\laragon\www\slutprojekt1\wp-content\plugins\filter-everything\src\Settings\Container.php on line 163
[04-Mar-2024 18:44:39 UTC] missing_token Unable to send request to WooCommerce Shipping & Tax server. WordPress.com token is missing (fetch_service_schemas_from_connect_server)
[04-Mar-2024 18:44:39 UTC] PHP Deprecated:  Function get_woocommerce_term_meta is deprecated since version 3.6! Use get_term_meta instead. in C:\laragon\www\slutprojekt1\wp-includes\functions.php on line 6031
[04-Mar-2024 18:44:39 UTC] PHP Deprecated:  Function get_woocommerce_term_meta is deprecated since version 3.6! Use get_term_meta instead. in C:\laragon\www\slutprojekt1\wp-includes\functions.php on line 6031
[04-Mar-2024 18:44:39 UTC] PHP Deprecated:  Function get_woocommerce_term_meta is deprecated since version 3.6! Use get_term_meta instead. in C:\laragon\www\slutprojekt1\wp-includes\functions.php on line 6031
[04-Mar-2024 18:44:39 UTC] PHP Deprecated:  Function get_woocommerce_term_meta is deprecated since version 3.6! Use get_term_meta instead. in C:\laragon\www\slutprojekt1\wp-includes\functions.php on line 6031
[04-Mar-2024 18:44:39 UTC] PHP Deprecated:  Function get_woocommerce_term_meta is deprecated since version 3.6! Use get_term_meta instead. in C:\laragon\www\slutprojekt1\wp-includes\functions.php on line 6031
[04-Mar-2024 18:44:39 UTC] PHP Deprecated:  Function get_woocommerce_term_meta is deprecated since version 3.6! Use get_term_meta instead. in C:\laragon\www\slutprojekt1\wp-includes\functions.php on line 6031
[04-Mar-2024 18:44:39 UTC] PHP Warning:  Undefined variable $product_id in C:\laragon\www\slutprojekt1\wp-content\themes\mytheme\woocommerce\content-product.php on line 29
[04-Mar-2024 18:44:39 UTC] PHP Warning:  Undefined variable $product_id in C:\laragon\www\slutprojekt1\wp-content\themes\mytheme\woocommerce\content-product.php on line 29
[04-Mar-2024 18:44:39 UTC] PHP Warning:  Undefined variable $product_id in C:\laragon\www\slutprojekt1\wp-content\themes\mytheme\woocommerce\content-product.php on line 29
[04-Mar-2024 18:44:39 UTC] PHP Warning:  Undefined variable $product_id in C:\laragon\www\slutprojekt1\wp-content\themes\mytheme\woocommerce\content-product.php on line 29
[04-Mar-2024 18:44:39 UTC] PHP Warning:  Undefined variable $product_id in C:\laragon\www\slutprojekt1\wp-content\themes\mytheme\woocommerce\content-product.php on line 29
[04-Mar-2024 18:44:39 UTC] PHP Warning:  Undefined variable $product_id in C:\laragon\www\slutprojekt1\wp-content\themes\mytheme\woocommerce\content-product.php on line 29
[04-Mar-2024 18:44:40 UTC] missing_token Unable to send request to WooCommerce Shipping & Tax server. WordPress.com token is missing (fetch_service_schemas_from_connect_server)
[04-Mar-2024 18:44:40 UTC] missing_token Unable to send request to WooCommerce Shipping & Tax server. WordPress.com token is missing (fetch_service_schemas_from_connect_server)
[04-Mar-2024 18:44:40 UTC] missing_token Unable to send request to WooCommerce Shipping & Tax server. WordPress.com token is missing (fetch_service_schemas_from_connect_server)
[04-Mar-2024 18:44:48 UTC] missing_token Unable to send request to WooCommerce Shipping & Tax server. WordPress.com token is missing (fetch_service_schemas_from_connect_server)
[04-Mar-2024 18:44:48 UTC] missing_token Unable to send request to WooCommerce Shipping & Tax server. WordPress.com token is missing (fetch_service_schemas_from_connect_server)
[04-Mar-2024 18:44:48 UTC] PHP Deprecated:  Constant FILTER_SANITIZE_STRING is deprecated in C:\laragon\www\slutprojekt1\wp-content\plugins\filter-everything\src\Settings\Container.php on line 163
[04-Mar-2024 18:46:14 UTC] missing_token Unable to send request to WooCommerce Shipping & Tax server. WordPress.com token is missing (fetch_service_schemas_from_connect_server)
[04-Mar-2024 18:46:14 UTC] missing_token Unable to send request to WooCommerce Shipping & Tax server. WordPress.com token is missing (fetch_service_schemas_from_connect_server)
[04-Mar-2024 18:46:14 UTC] PHP Deprecated:  Constant FILTER_SANITIZE_STRING is deprecated in C:\laragon\www\slutprojekt1\wp-content\plugins\filter-everything\src\Settings\Container.php on line 163
[04-Mar-2024 18:46:15 UTC] missing_token Unable to send request to WooCommerce Shipping & Tax server. WordPress.com token is missing (fetch_service_schemas_from_connect_server)
[04-Mar-2024 18:46:15 UTC] PHP Deprecated:  Function get_woocommerce_term_meta is deprecated since version 3.6! Use get_term_meta instead. in C:\laragon\www\slutprojekt1\wp-includes\functions.php on line 6031
[04-Mar-2024 18:46:15 UTC] PHP Deprecated:  Function get_woocommerce_term_meta is deprecated since version 3.6! Use get_term_meta instead. in C:\laragon\www\slutprojekt1\wp-includes\functions.php on line 6031
[04-Mar-2024 18:46:15 UTC] PHP Deprecated:  Function get_woocommerce_term_meta is deprecated since version 3.6! Use get_term_meta instead. in C:\laragon\www\slutprojekt1\wp-includes\functions.php on line 6031
[04-Mar-2024 18:46:15 UTC] PHP Deprecated:  Function get_woocommerce_term_meta is deprecated since version 3.6! Use get_term_meta instead. in C:\laragon\www\slutprojekt1\wp-includes\functions.php on line 6031
[04-Mar-2024 18:46:15 UTC] PHP Deprecated:  Function get_woocommerce_term_meta is deprecated since version 3.6! Use get_term_meta instead. in C:\laragon\www\slutprojekt1\wp-includes\functions.php on line 6031
[04-Mar-2024 18:46:15 UTC] PHP Deprecated:  Function get_woocommerce_term_meta is deprecated since version 3.6! Use get_term_meta instead. in C:\laragon\www\slutprojekt1\wp-includes\functions.php on line 6031
[04-Mar-2024 18:46:15 UTC] PHP Warning:  Undefined variable $product_id in C:\laragon\www\slutprojekt1\wp-content\themes\mytheme\woocommerce\content-product.php on line 29
[04-Mar-2024 18:46:15 UTC] PHP Warning:  Undefined variable $product_id in C:\laragon\www\slutprojekt1\wp-content\themes\mytheme\woocommerce\content-product.php on line 29
[04-Mar-2024 18:46:15 UTC] PHP Warning:  Undefined variable $product_id in C:\laragon\www\slutprojekt1\wp-content\themes\mytheme\woocommerce\content-product.php on line 29
[04-Mar-2024 18:46:15 UTC] PHP Warning:  Undefined variable $product_id in C:\laragon\www\slutprojekt1\wp-content\themes\mytheme\woocommerce\content-product.php on line 29
[04-Mar-2024 18:46:15 UTC] PHP Warning:  Undefined variable $product_id in C:\laragon\www\slutprojekt1\wp-content\themes\mytheme\woocommerce\content-product.php on line 29
[04-Mar-2024 18:46:15 UTC] PHP Warning:  Undefined variable $product_id in C:\laragon\www\slutprojekt1\wp-content\themes\mytheme\woocommerce\content-product.php on line 29
[04-Mar-2024 18:46:17 UTC] missing_token Unable to send request to WooCommerce Shipping & Tax server. WordPress.com token is missing (fetch_service_schemas_from_connect_server)
[04-Mar-2024 18:46:17 UTC] missing_token Unable to send request to WooCommerce Shipping & Tax server. WordPress.com token is missing (fetch_service_schemas_from_connect_server)
[04-Mar-2024 18:46:17 UTC] missing_token Unable to send request to WooCommerce Shipping & Tax server. WordPress.com token is missing (fetch_service_schemas_from_connect_server)
[04-Mar-2024 18:46:49 UTC] missing_token Unable to send request to WooCommerce Shipping & Tax server. WordPress.com token is missing (fetch_service_schemas_from_connect_server)
[04-Mar-2024 18:46:49 UTC] missing_token Unable to send request to WooCommerce Shipping & Tax server. WordPress.com token is missing (fetch_service_schemas_from_connect_server)
[04-Mar-2024 18:46:49 UTC] PHP Deprecated:  Constant FILTER_SANITIZE_STRING is deprecated in C:\laragon\www\slutprojekt1\wp-content\plugins\filter-everything\src\Settings\Container.php on line 163
[04-Mar-2024 18:48:03 UTC] missing_token Unable to send request to WooCommerce Shipping & Tax server. WordPress.com token is missing (fetch_service_schemas_from_connect_server)
[04-Mar-2024 18:48:04 UTC] missing_token Unable to send request to WooCommerce Shipping & Tax server. WordPress.com token is missing (fetch_service_schemas_from_connect_server)
[04-Mar-2024 18:48:04 UTC] PHP Deprecated:  Constant FILTER_SANITIZE_STRING is deprecated in C:\laragon\www\slutprojekt1\wp-content\plugins\filter-everything\src\Settings\Container.php on line 163
[04-Mar-2024 18:48:04 UTC] PHP Deprecated:  Function get_woocommerce_term_meta is deprecated since version 3.6! Use get_term_meta instead. in C:\laragon\www\slutprojekt1\wp-includes\functions.php on line 6031
[04-Mar-2024 18:48:04 UTC] PHP Deprecated:  Function get_woocommerce_term_meta is deprecated since version 3.6! Use get_term_meta instead. in C:\laragon\www\slutprojekt1\wp-includes\functions.php on line 6031
[04-Mar-2024 18:48:04 UTC] PHP Deprecated:  Function get_woocommerce_term_meta is deprecated since version 3.6! Use get_term_meta instead. in C:\laragon\www\slutprojekt1\wp-includes\functions.php on line 6031
[04-Mar-2024 18:48:04 UTC] PHP Deprecated:  Function get_woocommerce_term_meta is deprecated since version 3.6! Use get_term_meta instead. in C:\laragon\www\slutprojekt1\wp-includes\functions.php on line 6031
[04-Mar-2024 18:48:04 UTC] PHP Deprecated:  Function get_woocommerce_term_meta is deprecated since version 3.6! Use get_term_meta instead. in C:\laragon\www\slutprojekt1\wp-includes\functions.php on line 6031
[04-Mar-2024 18:48:04 UTC] PHP Deprecated:  Function get_woocommerce_term_meta is deprecated since version 3.6! Use get_term_meta instead. in C:\laragon\www\slutprojekt1\wp-includes\functions.php on line 6031
[04-Mar-2024 18:48:04 UTC] PHP Warning:  Undefined variable $product_id in C:\laragon\www\slutprojekt1\wp-content\themes\mytheme\woocommerce\content-product.php on line 29
[04-Mar-2024 18:48:04 UTC] PHP Warning:  Undefined variable $product_id in C:\laragon\www\slutprojekt1\wp-content\themes\mytheme\woocommerce\content-product.php on line 29
[04-Mar-2024 18:48:04 UTC] PHP Warning:  Undefined variable $product_id in C:\laragon\www\slutprojekt1\wp-content\themes\mytheme\woocommerce\content-product.php on line 29
[04-Mar-2024 18:48:04 UTC] PHP Warning:  Undefined variable $product_id in C:\laragon\www\slutprojekt1\wp-content\themes\mytheme\woocommerce\content-product.php on line 29
[04-Mar-2024 18:48:04 UTC] PHP Warning:  Undefined variable $product_id in C:\laragon\www\slutprojekt1\wp-content\themes\mytheme\woocommerce\content-product.php on line 29
[04-Mar-2024 18:48:04 UTC] PHP Warning:  Undefined variable $product_id in C:\laragon\www\slutprojekt1\wp-content\themes\mytheme\woocommerce\content-product.php on line 29
[04-Mar-2024 18:48:05 UTC] missing_token Unable to send request to WooCommerce Shipping & Tax server. WordPress.com token is missing (fetch_service_schemas_from_connect_server)
[04-Mar-2024 18:48:05 UTC] missing_token Unable to send request to WooCommerce Shipping & Tax server. WordPress.com token is missing (fetch_service_schemas_from_connect_server)
[04-Mar-2024 18:48:05 UTC] missing_token Unable to send request to WooCommerce Shipping & Tax server. WordPress.com token is missing (fetch_service_schemas_from_connect_server)
[04-Mar-2024 18:48:15 UTC] missing_token Unable to send request to WooCommerce Shipping & Tax server. WordPress.com token is missing (fetch_service_schemas_from_connect_server)
[04-Mar-2024 18:48:20 UTC] missing_token Unable to send request to WooCommerce Shipping & Tax server. WordPress.com token is missing (fetch_service_schemas_from_connect_server)
[04-Mar-2024 18:48:21 UTC] PHP Warning:  Undefined variable $product_id in C:\laragon\www\slutprojekt1\wp-content\themes\mytheme\woocommerce\content-product.php on line 29
[04-Mar-2024 18:48:21 UTC] PHP Warning:  Undefined variable $product_id in C:\laragon\www\slutprojekt1\wp-content\themes\mytheme\woocommerce\content-product.php on line 29
[04-Mar-2024 18:48:21 UTC] PHP Warning:  Undefined variable $product_id in C:\laragon\www\slutprojekt1\wp-content\themes\mytheme\woocommerce\content-product.php on line 29
[04-Mar-2024 18:50:24 UTC] missing_token Unable to send request to WooCommerce Shipping & Tax server. WordPress.com token is missing (fetch_service_schemas_from_connect_server)
[04-Mar-2024 18:50:25 UTC] PHP Deprecated:  Function get_woocommerce_term_meta is deprecated since version 3.6! Use get_term_meta instead. in C:\laragon\www\slutprojekt1\wp-includes\functions.php on line 6031
[04-Mar-2024 18:50:25 UTC] PHP Deprecated:  Function get_woocommerce_term_meta is deprecated since version 3.6! Use get_term_meta instead. in C:\laragon\www\slutprojekt1\wp-includes\functions.php on line 6031
[04-Mar-2024 18:50:25 UTC] PHP Deprecated:  Function get_woocommerce_term_meta is deprecated since version 3.6! Use get_term_meta instead. in C:\laragon\www\slutprojekt1\wp-includes\functions.php on line 6031
[04-Mar-2024 18:50:25 UTC] PHP Deprecated:  Function get_woocommerce_term_meta is deprecated since version 3.6! Use get_term_meta instead. in C:\laragon\www\slutprojekt1\wp-includes\functions.php on line 6031
[04-Mar-2024 18:50:25 UTC] PHP Deprecated:  Function get_woocommerce_term_meta is deprecated since version 3.6! Use get_term_meta instead. in C:\laragon\www\slutprojekt1\wp-includes\functions.php on line 6031
[04-Mar-2024 18:50:25 UTC] PHP Deprecated:  Function get_woocommerce_term_meta is deprecated since version 3.6! Use get_term_meta instead. in C:\laragon\www\slutprojekt1\wp-includes\functions.php on line 6031
[04-Mar-2024 18:50:25 UTC] PHP Warning:  Undefined variable $product_id in C:\laragon\www\slutprojekt1\wp-content\themes\mytheme\woocommerce\content-product.php on line 29
[04-Mar-2024 18:50:25 UTC] PHP Warning:  Undefined variable $product_id in C:\laragon\www\slutprojekt1\wp-content\themes\mytheme\woocommerce\content-product.php on line 29
[04-Mar-2024 18:50:25 UTC] PHP Warning:  Undefined variable $product_id in C:\laragon\www\slutprojekt1\wp-content\themes\mytheme\woocommerce\content-product.php on line 29
[04-Mar-2024 18:50:25 UTC] PHP Warning:  Undefined variable $product_id in C:\laragon\www\slutprojekt1\wp-content\themes\mytheme\woocommerce\content-product.php on line 29
[04-Mar-2024 18:50:25 UTC] PHP Warning:  Undefined variable $product_id in C:\laragon\www\slutprojekt1\wp-content\themes\mytheme\woocommerce\content-product.php on line 29
[04-Mar-2024 18:50:25 UTC] PHP Warning:  Undefined variable $product_id in C:\laragon\www\slutprojekt1\wp-content\themes\mytheme\woocommerce\content-product.php on line 29
[04-Mar-2024 18:50:26 UTC] missing_token Unable to send request to WooCommerce Shipping & Tax server. WordPress.com token is missing (fetch_service_schemas_from_connect_server)
[04-Mar-2024 18:50:26 UTC] missing_token Unable to send request to WooCommerce Shipping & Tax server. WordPress.com token is missing (fetch_service_schemas_from_connect_server)
[04-Mar-2024 18:50:26 UTC] missing_token Unable to send request to WooCommerce Shipping & Tax server. WordPress.com token is missing (fetch_service_schemas_from_connect_server)
[04-Mar-2024 18:50:51 UTC] missing_token Unable to send request to WooCommerce Shipping & Tax server. WordPress.com token is missing (fetch_service_schemas_from_connect_server)
[04-Mar-2024 18:50:51 UTC] missing_token Unable to send request to WooCommerce Shipping & Tax server. WordPress.com token is missing (fetch_service_schemas_from_connect_server)
[04-Mar-2024 18:50:51 UTC] PHP Deprecated:  Constant FILTER_SANITIZE_STRING is deprecated in C:\laragon\www\slutprojekt1\wp-content\plugins\filter-everything\src\Settings\Container.php on line 163
[06-Mar-2024 15:10:39 UTC] missing_token Unable to send request to WooCommerce Shipping & Tax server. WordPress.com token is missing (fetch_service_schemas_from_connect_server)
[06-Mar-2024 15:10:39 UTC] PHP Deprecated:  Function get_woocommerce_term_meta is deprecated since version 3.6! Use get_term_meta instead. in C:\laragon\www\slutprojekt1\wp-includes\functions.php on line 6031
[06-Mar-2024 15:10:39 UTC] PHP Deprecated:  Function get_woocommerce_term_meta is deprecated since version 3.6! Use get_term_meta instead. in C:\laragon\www\slutprojekt1\wp-includes\functions.php on line 6031
[06-Mar-2024 15:10:39 UTC] PHP Deprecated:  Function get_woocommerce_term_meta is deprecated since version 3.6! Use get_term_meta instead. in C:\laragon\www\slutprojekt1\wp-includes\functions.php on line 6031
[06-Mar-2024 15:10:39 UTC] PHP Deprecated:  Function get_woocommerce_term_meta is deprecated since version 3.6! Use get_term_meta instead. in C:\laragon\www\slutprojekt1\wp-includes\functions.php on line 6031
[06-Mar-2024 15:10:39 UTC] PHP Deprecated:  Function get_woocommerce_term_meta is deprecated since version 3.6! Use get_term_meta instead. in C:\laragon\www\slutprojekt1\wp-includes\functions.php on line 6031
[06-Mar-2024 15:10:39 UTC] PHP Deprecated:  Function get_woocommerce_term_meta is deprecated since version 3.6! Use get_term_meta instead. in C:\laragon\www\slutprojekt1\wp-includes\functions.php on line 6031
[06-Mar-2024 15:10:40 UTC] missing_token Unable to send request to WooCommerce Shipping & Tax server. WordPress.com token is missing (fetch_service_schemas_from_connect_server)
[06-Mar-2024 15:10:40 UTC] PHP Deprecated:  Constant FILTER_SANITIZE_STRING is deprecated in C:\laragon\www\slutprojekt1\wp-content\plugins\filter-everything\src\Settings\Container.php on line 163
[06-Mar-2024 15:10:41 UTC] missing_token Unable to send request to WooCommerce Shipping & Tax server. WordPress.com token is missing (fetch_service_schemas_from_connect_server)
[06-Mar-2024 15:10:41 UTC] PHP Deprecated:  Constant FILTER_SANITIZE_STRING is deprecated in C:\laragon\www\slutprojekt1\wp-content\plugins\filter-everything\src\Settings\Container.php on line 163
[06-Mar-2024 15:10:41 UTC] missing_token Unable to send request to WooCommerce Shipping & Tax server. WordPress.com token is missing (fetch_service_schemas_from_connect_server)
[06-Mar-2024 15:11:17 UTC] missing_token Unable to send request to WooCommerce Shipping & Tax server. WordPress.com token is missing (fetch_service_schemas_from_connect_server)
[06-Mar-2024 15:11:18 UTC] missing_token Unable to send request to WooCommerce Shipping & Tax server. WordPress.com token is missing (fetch_service_schemas_from_connect_server)
[06-Mar-2024 15:11:18 UTC] PHP Deprecated:  Constant FILTER_SANITIZE_STRING is deprecated in C:\laragon\www\slutprojekt1\wp-content\plugins\filter-everything\src\Settings\Container.php on line 163
[06-Mar-2024 15:11:59 UTC] missing_token Unable to send request to WooCommerce Shipping & Tax server. WordPress.com token is missing (fetch_service_schemas_from_connect_server)
[06-Mar-2024 15:12:00 UTC] missing_token Unable to send request to WooCommerce Shipping & Tax server. WordPress.com token is missing (fetch_service_schemas_from_connect_server)
[06-Mar-2024 15:12:00 UTC] missing_token Unable to send request to WooCommerce Shipping & Tax server. WordPress.com token is missing (fetch_service_schemas_from_connect_server)
[06-Mar-2024 15:12:00 UTC] PHP Deprecated:  Constant FILTER_SANITIZE_STRING is deprecated in C:\laragon\www\slutprojekt1\wp-content\plugins\filter-everything\src\Settings\Container.php on line 163
[06-Mar-2024 15:12:00 UTC] PHP Deprecated:  Constant FILTER_SANITIZE_STRING is deprecated in C:\laragon\www\slutprojekt1\wp-content\plugins\filter-everything\src\Settings\Container.php on line 163
[06-Mar-2024 15:12:00 UTC] PHP Deprecated:  Constant FILTER_SANITIZE_STRING is deprecated in C:\laragon\www\slutprojekt1\wp-content\plugins\filter-everything\src\Settings\Container.php on line 163
[06-Mar-2024 15:12:00 UTC] PHP Deprecated:  Function get_woocommerce_term_meta is deprecated since version 3.6! Use get_term_meta instead. in C:\laragon\www\slutprojekt1\wp-includes\functions.php on line 6031
[06-Mar-2024 15:12:00 UTC] PHP Deprecated:  Function get_woocommerce_term_meta is deprecated since version 3.6! Use get_term_meta instead. in C:\laragon\www\slutprojekt1\wp-includes\functions.php on line 6031
[06-Mar-2024 15:12:00 UTC] PHP Deprecated:  Function get_woocommerce_term_meta is deprecated since version 3.6! Use get_term_meta instead. in C:\laragon\www\slutprojekt1\wp-includes\functions.php on line 6031
[06-Mar-2024 15:12:00 UTC] PHP Deprecated:  Function get_woocommerce_term_meta is deprecated since version 3.6! Use get_term_meta instead. in C:\laragon\www\slutprojekt1\wp-includes\functions.php on line 6031
[06-Mar-2024 15:12:00 UTC] PHP Deprecated:  Function get_woocommerce_term_meta is deprecated since version 3.6! Use get_term_meta instead. in C:\laragon\www\slutprojekt1\wp-includes\functions.php on line 6031
[06-Mar-2024 15:12:00 UTC] PHP Deprecated:  Function get_woocommerce_term_meta is deprecated since version 3.6! Use get_term_meta instead. in C:\laragon\www\slutprojekt1\wp-includes\functions.php on line 6031
[06-Mar-2024 15:12:00 UTC] PHP Warning:  Undefined variable $product_id in C:\laragon\www\slutprojekt1\wp-content\themes\mytheme\woocommerce\content-product.php on line 29
[06-Mar-2024 15:12:00 UTC] PHP Warning:  Undefined variable $product_id in C:\laragon\www\slutprojekt1\wp-content\themes\mytheme\woocommerce\content-product.php on line 29
[06-Mar-2024 15:12:00 UTC] PHP Warning:  Undefined variable $product_id in C:\laragon\www\slutprojekt1\wp-content\themes\mytheme\woocommerce\content-product.php on line 29
[06-Mar-2024 15:12:00 UTC] PHP Warning:  Undefined variable $product_id in C:\laragon\www\slutprojekt1\wp-content\themes\mytheme\woocommerce\content-product.php on line 29
[06-Mar-2024 15:12:00 UTC] PHP Warning:  Undefined variable $product_id in C:\laragon\www\slutprojekt1\wp-content\themes\mytheme\woocommerce\content-product.php on line 29
[06-Mar-2024 15:12:00 UTC] PHP Warning:  Undefined variable $product_id in C:\laragon\www\slutprojekt1\wp-content\themes\mytheme\woocommerce\content-product.php on line 29
[06-Mar-2024 15:12:00 UTC] missing_token Unable to send request to WooCommerce Shipping & Tax server. WordPress.com token is missing (fetch_service_schemas_from_connect_server)
[06-Mar-2024 15:12:00 UTC] PHP Deprecated:  Constant FILTER_SANITIZE_STRING is deprecated in C:\laragon\www\slutprojekt1\wp-content\plugins\filter-everything\src\Settings\Container.php on line 163
[06-Mar-2024 15:12:00 UTC] PHP Deprecated:  Function get_woocommerce_term_meta is deprecated since version 3.6! Use get_term_meta instead. in C:\laragon\www\slutprojekt1\wp-includes\functions.php on line 6031
[06-Mar-2024 15:12:00 UTC] PHP Deprecated:  Function get_woocommerce_term_meta is deprecated since version 3.6! Use get_term_meta instead. in C:\laragon\www\slutprojekt1\wp-includes\functions.php on line 6031
[06-Mar-2024 15:12:00 UTC] PHP Deprecated:  Function get_woocommerce_term_meta is deprecated since version 3.6! Use get_term_meta instead. in C:\laragon\www\slutprojekt1\wp-includes\functions.php on line 6031
[06-Mar-2024 15:12:00 UTC] PHP Deprecated:  Function get_woocommerce_term_meta is deprecated since version 3.6! Use get_term_meta instead. in C:\laragon\www\slutprojekt1\wp-includes\functions.php on line 6031
[06-Mar-2024 15:12:00 UTC] PHP Deprecated:  Function get_woocommerce_term_meta is deprecated since version 3.6! Use get_term_meta instead. in C:\laragon\www\slutprojekt1\wp-includes\functions.php on line 6031
[06-Mar-2024 15:12:00 UTC] PHP Deprecated:  Function get_woocommerce_term_meta is deprecated since version 3.6! Use get_term_meta instead. in C:\laragon\www\slutprojekt1\wp-includes\functions.php on line 6031
[06-Mar-2024 15:12:01 UTC] PHP Warning:  Undefined variable $product_id in C:\laragon\www\slutprojekt1\wp-content\themes\mytheme\woocommerce\content-product.php on line 29
[06-Mar-2024 15:12:01 UTC] PHP Warning:  Undefined variable $product_id in C:\laragon\www\slutprojekt1\wp-content\themes\mytheme\woocommerce\content-product.php on line 29
[06-Mar-2024 15:12:01 UTC] PHP Warning:  Undefined variable $product_id in C:\laragon\www\slutprojekt1\wp-content\themes\mytheme\woocommerce\content-product.php on line 29
[06-Mar-2024 15:12:01 UTC] PHP Warning:  Undefined variable $product_id in C:\laragon\www\slutprojekt1\wp-content\themes\mytheme\woocommerce\content-product.php on line 29
[06-Mar-2024 15:12:01 UTC] PHP Warning:  Undefined variable $product_id in C:\laragon\www\slutprojekt1\wp-content\themes\mytheme\woocommerce\content-product.php on line 29
[06-Mar-2024 15:12:01 UTC] PHP Warning:  Undefined variable $product_id in C:\laragon\www\slutprojekt1\wp-content\themes\mytheme\woocommerce\content-product.php on line 29
[06-Mar-2024 15:12:01 UTC] PHP Deprecated:  Function get_woocommerce_term_meta is deprecated since version 3.6! Use get_term_meta instead. in C:\laragon\www\slutprojekt1\wp-includes\functions.php on line 6031
[06-Mar-2024 15:12:01 UTC] PHP Deprecated:  Function get_woocommerce_term_meta is deprecated since version 3.6! Use get_term_meta instead. in C:\laragon\www\slutprojekt1\wp-includes\functions.php on line 6031
[06-Mar-2024 15:12:01 UTC] PHP Deprecated:  Function get_woocommerce_term_meta is deprecated since version 3.6! Use get_term_meta instead. in C:\laragon\www\slutprojekt1\wp-includes\functions.php on line 6031
[06-Mar-2024 15:12:01 UTC] PHP Deprecated:  Function get_woocommerce_term_meta is deprecated since version 3.6! Use get_term_meta instead. in C:\laragon\www\slutprojekt1\wp-includes\functions.php on line 6031
[06-Mar-2024 15:12:01 UTC] PHP Deprecated:  Function get_woocommerce_term_meta is deprecated since version 3.6! Use get_term_meta instead. in C:\laragon\www\slutprojekt1\wp-includes\functions.php on line 6031
[06-Mar-2024 15:12:01 UTC] PHP Deprecated:  Function get_woocommerce_term_meta is deprecated since version 3.6! Use get_term_meta instead. in C:\laragon\www\slutprojekt1\wp-includes\functions.php on line 6031
[06-Mar-2024 15:12:01 UTC] missing_token Unable to send request to WooCommerce Shipping & Tax server. WordPress.com token is missing (fetch_service_schemas_from_connect_server)
[06-Mar-2024 15:12:02 UTC] missing_token Unable to send request to WooCommerce Shipping & Tax server. WordPress.com token is missing (fetch_service_schemas_from_connect_server)
[06-Mar-2024 15:12:02 UTC] missing_token Unable to send request to WooCommerce Shipping & Tax server. WordPress.com token is missing (fetch_service_schemas_from_connect_server)
[06-Mar-2024 15:12:02 UTC] missing_token Unable to send request to WooCommerce Shipping & Tax server. WordPress.com token is missing (fetch_service_schemas_from_connect_server)
[06-Mar-2024 15:12:02 UTC] PHP Deprecated:  Constant FILTER_SANITIZE_STRING is deprecated in C:\laragon\www\slutprojekt1\wp-content\plugins\filter-everything\src\Settings\Container.php on line 163
[06-Mar-2024 15:12:02 UTC] missing_token Unable to send request to WooCommerce Shipping & Tax server. WordPress.com token is missing (fetch_service_schemas_from_connect_server)
[06-Mar-2024 15:12:02 UTC] missing_token Unable to send request to WooCommerce Shipping & Tax server. WordPress.com token is missing (fetch_service_schemas_from_connect_server)
[06-Mar-2024 15:12:02 UTC] PHP Deprecated:  Function get_woocommerce_term_meta is deprecated since version 3.6! Use get_term_meta instead. in C:\laragon\www\slutprojekt1\wp-includes\functions.php on line 6031
[06-Mar-2024 15:12:02 UTC] PHP Deprecated:  Function get_woocommerce_term_meta is deprecated since version 3.6! Use get_term_meta instead. in C:\laragon\www\slutprojekt1\wp-includes\functions.php on line 6031
[06-Mar-2024 15:12:02 UTC] PHP Deprecated:  Function get_woocommerce_term_meta is deprecated since version 3.6! Use get_term_meta instead. in C:\laragon\www\slutprojekt1\wp-includes\functions.php on line 6031
[06-Mar-2024 15:12:02 UTC] PHP Deprecated:  Function get_woocommerce_term_meta is deprecated since version 3.6! Use get_term_meta instead. in C:\laragon\www\slutprojekt1\wp-includes\functions.php on line 6031
[06-Mar-2024 15:12:02 UTC] PHP Deprecated:  Function get_woocommerce_term_meta is deprecated since version 3.6! Use get_term_meta instead. in C:\laragon\www\slutprojekt1\wp-includes\functions.php on line 6031
[06-Mar-2024 15:12:02 UTC] PHP Deprecated:  Function get_woocommerce_term_meta is deprecated since version 3.6! Use get_term_meta instead. in C:\laragon\www\slutprojekt1\wp-includes\functions.php on line 6031
[06-Mar-2024 15:12:02 UTC] missing_token Unable to send request to WooCommerce Shipping & Tax server. WordPress.com token is missing (fetch_service_schemas_from_connect_server)
[06-Mar-2024 15:12:03 UTC] missing_token Unable to send request to WooCommerce Shipping & Tax server. WordPress.com token is missing (fetch_service_schemas_from_connect_server)
[06-Mar-2024 15:12:03 UTC] PHP Deprecated:  Constant FILTER_SANITIZE_STRING is deprecated in C:\laragon\www\slutprojekt1\wp-content\plugins\filter-everything\src\Settings\Container.php on line 163
[06-Mar-2024 15:12:03 UTC] missing_token Unable to send request to WooCommerce Shipping & Tax server. WordPress.com token is missing (fetch_service_schemas_from_connect_server)
[06-Mar-2024 15:12:03 UTC] PHP Deprecated:  Constant FILTER_SANITIZE_STRING is deprecated in C:\laragon\www\slutprojekt1\wp-content\plugins\filter-everything\src\Settings\Container.php on line 163
[06-Mar-2024 15:12:03 UTC] missing_token Unable to send request to WooCommerce Shipping & Tax server. WordPress.com token is missing (fetch_service_schemas_from_connect_server)
[06-Mar-2024 15:12:03 UTC] PHP Deprecated:  Constant FILTER_SANITIZE_STRING is deprecated in C:\laragon\www\slutprojekt1\wp-content\plugins\filter-everything\src\Settings\Container.php on line 163
[06-Mar-2024 15:12:03 UTC] missing_token Unable to send request to WooCommerce Shipping & Tax server. WordPress.com token is missing (fetch_service_schemas_from_connect_server)
[06-Mar-2024 15:12:04 UTC] missing_token Unable to send request to WooCommerce Shipping & Tax server. WordPress.com token is missing (fetch_service_schemas_from_connect_server)
[06-Mar-2024 15:12:04 UTC] PHP Deprecated:  Constant FILTER_SANITIZE_STRING is deprecated in C:\laragon\www\slutprojekt1\wp-content\plugins\filter-everything\src\Settings\Container.php on line 163
[06-Mar-2024 15:12:04 UTC] missing_token Unable to send request to WooCommerce Shipping & Tax server. WordPress.com token is missing (fetch_service_schemas_from_connect_server)
